# Time-averaged data for fix dave
# TimeStep v_rho
251000 0.784094
252000 0.783916
253000 0.778834
254000 0.775802
255000 0.775362
256000 0.775393
257000 0.774903
258000 0.775256
259000 0.77549
260000 0.775818
261000 0.775627
262000 0.775387
263000 0.775964
264000 0.776462
265000 0.77674
266000 0.776316
267000 0.77523
268000 0.775369
269000 0.775074
270000 0.775779
271000 0.775873
272000 0.775393
273000 0.775648
274000 0.775693
275000 0.77562
276000 0.775451
277000 0.775647
278000 0.775775
279000 0.775975
280000 0.775597
281000 0.775865
282000 0.776024
283000 0.776235
284000 0.776107
285000 0.775897
286000 0.775787
287000 0.775713
288000 0.775738
289000 0.775801
290000 0.775775
291000 0.775889
292000 0.775893
293000 0.776024
294000 0.776098
295000 0.776145
296000 0.776253
297000 0.776265
298000 0.776354
299000 0.776449
300000 0.776329
301000 0.776491
302000 0.776658
303000 0.776648
304000 0.776447
305000 0.77634
306000 0.776238
307000 0.776239
308000 0.776225
309000 0.776188
310000 0.77597
311000 0.775921
312000 0.775977
313000 0.776035
314000 0.776079
315000 0.776061
316000 0.776162
317000 0.776271
318000 0.776383
319000 0.776423
320000 0.776488
321000 0.776508
322000 0.776489
323000 0.776581
324000 0.776781
325000 0.776835
326000 0.776785
327000 0.776842
328000 0.777074
329000 0.777202
330000 0.777275
331000 0.777456
332000 0.777738
333000 0.778021
334000 0.778148
335000 0.778369
336000 0.778558
337000 0.778724
338000 0.778816
339000 0.778935
340000 0.77911
341000 0.779265
342000 0.779366
343000 0.779433
344000 0.779422
345000 0.779395
346000 0.779356
347000 0.77933
348000 0.779395
349000 0.779455
350000 0.779564
351000 0.779685
352000 0.779757
353000 0.779797
354000 0.779771
355000 0.7797
356000 0.779712
357000 0.77976
358000 0.779859
359000 0.779972
360000 0.779971
361000 0.779929
362000 0.779811
363000 0.779691
364000 0.779711
365000 0.779799
366000 0.779785
367000 0.779849
368000 0.779892
369000 0.77987
370000 0.779863
371000 0.779775
372000 0.779756
373000 0.779763
374000 0.779755
375000 0.779752
376000 0.779711
377000 0.779679
378000 0.779653
379000 0.779691
380000 0.779727
381000 0.779833
382000 0.779887
383000 0.779968
384000 0.780013
385000 0.780038
386000 0.780104
387000 0.780105
388000 0.780198
389000 0.780274
390000 0.780334
391000 0.780336
392000 0.780334
393000 0.780245
394000 0.780152
395000 0.780179
396000 0.780197
397000 0.780176
398000 0.780242
399000 0.780267
400000 0.780319
401000 0.780325
402000 0.780316
403000 0.780365
404000 0.780325
405000 0.780315
406000 0.780352
407000 0.78033
408000 0.780371
409000 0.780361
410000 0.780313
411000 0.780212
412000 0.780128
413000 0.780164
414000 0.780175
415000 0.780213
416000 0.780248
417000 0.780279
418000 0.78033
419000 0.780379
420000 0.780471
421000 0.780531
422000 0.780593
423000 0.780626
424000 0.780659
425000 0.780714
426000 0.780775
427000 0.78083
428000 0.780857
429000 0.780859
430000 0.780905
431000 0.780938
432000 0.781013
433000 0.780993
434000 0.781002
435000 0.781033
436000 0.781105
437000 0.781127
438000 0.781135
439000 0.781172
440000 0.781218
441000 0.781264
442000 0.781246
443000 0.78121
444000 0.78115
445000 0.781086
446000 0.781079
447000 0.781129
448000 0.781164
449000 0.781204
450000 0.78126
451000 0.781263
452000 0.781258
453000 0.781226
454000 0.781272
455000 0.781313
456000 0.781366
457000 0.781434
458000 0.7815
459000 0.781539
460000 0.781534
461000 0.781576
462000 0.781495
463000 0.781534
464000 0.781571
465000 0.781649
466000 0.781689
467000 0.78172
468000 0.781728
469000 0.781758
470000 0.78181
471000 0.781831
472000 0.781832
473000 0.781791
474000 0.781756
475000 0.78171
476000 0.781693
477000 0.781686
478000 0.781664
479000 0.781645
480000 0.781607
481000 0.781574
482000 0.781541
483000 0.781513
484000 0.781456
485000 0.781426
486000 0.781385
487000 0.781398
488000 0.781395
489000 0.781403
490000 0.781449
491000 0.781485
492000 0.781501
493000 0.781522
494000 0.781591
495000 0.781618
496000 0.781684
497000 0.781755
498000 0.781792
499000 0.781831
500000 0.781858
501000 0.781898
502000 0.78194
503000 0.781932
504000 0.781939
505000 0.781946
506000 0.781987
507000 0.782033
508000 0.782084
509000 0.782131
510000 0.782212
511000 0.782238
512000 0.782251
513000 0.782291
514000 0.782314
515000 0.782348
516000 0.782414
517000 0.782435
518000 0.78245
519000 0.782449
520000 0.782479
521000 0.782489
522000 0.78252
523000 0.78253
524000 0.782508
525000 0.782486
526000 0.782479
527000 0.782515
528000 0.782516
529000 0.782515
530000 0.782534
531000 0.782547
532000 0.782552
533000 0.782617
534000 0.782667
535000 0.78269
536000 0.78269
537000 0.782673
538000 0.782679
539000 0.782694
540000 0.78272
541000 0.782707
542000 0.782653
543000 0.782613
544000 0.78262
545000 0.78262
546000 0.782604
547000 0.782626
548000 0.78262
549000 0.782645
550000 0.782673
551000 0.782701
552000 0.782723
553000 0.782731
554000 0.782709
555000 0.782679
556000 0.782653
557000 0.782625
558000 0.782634
559000 0.782636
560000 0.782587
561000 0.782577
562000 0.782508
563000 0.78247
564000 0.782411
565000 0.782374
566000 0.782338
567000 0.782315
568000 0.782298
569000 0.782292
570000 0.782285
571000 0.782241
572000 0.782199
573000 0.782166
574000 0.78215
575000 0.782182
576000 0.782199
577000 0.782226
578000 0.782234
579000 0.782248
580000 0.782268
581000 0.782292
582000 0.782285
583000 0.782262
584000 0.782228
585000 0.782195
586000 0.782137
587000 0.782131
588000 0.782126
589000 0.782132
590000 0.782107
591000 0.782057
592000 0.782025
593000 0.782028
594000 0.782046
595000 0.782037
596000 0.78205
597000 0.782048
598000 0.782013
599000 0.781991
600000 0.781981
601000 0.781981
602000 0.781989
603000 0.781955
604000 0.781925
605000 0.781919
606000 0.781878
607000 0.781841
608000 0.78181
609000 0.781798
610000 0.7818
611000 0.781788
612000 0.781811
613000 0.781837
614000 0.781852
615000 0.781867
616000 0.78188
617000 0.781903
618000 0.781908
619000 0.781914
620000 0.781938
621000 0.781961
622000 0.781991
623000 0.782011
624000 0.782019
625000 0.782036
626000 0.782038
627000 0.782012
628000 0.782002
629000 0.781993
630000 0.782009
631000 0.782006
632000 0.782003
633000 0.782005
634000 0.782015
635000 0.78203
636000 0.782043
637000 0.782033
638000 0.781991
639000 0.781966
640000 0.781938
641000 0.781919
642000 0.781909
643000 0.781877
644000 0.781882
645000 0.781883
646000 0.781888
647000 0.78188
648000 0.781892
649000 0.781874
650000 0.781874
651000 0.781875
652000 0.781905
653000 0.781931
654000 0.781929
655000 0.781944
656000 0.781942
657000 0.781952
658000 0.78198
659000 0.782014
660000 0.78202
661000 0.782056
662000 0.782092
663000 0.782125
664000 0.782156
665000 0.782195
666000 0.782227
667000 0.782252
668000 0.782271
669000 0.782257
670000 0.78225
671000 0.782289
672000 0.782315
673000 0.782374
674000 0.782411
675000 0.782417
676000 0.78242
677000 0.78241
678000 0.782394
679000 0.782383
680000 0.78238
681000 0.782401
682000 0.782411
683000 0.782436
684000 0.782449
685000 0.782475
686000 0.782451
687000 0.782458
688000 0.782476
689000 0.782474
690000 0.782487
691000 0.782502
692000 0.782529
693000 0.782545
694000 0.782543
695000 0.782543
696000 0.782526
697000 0.782516
698000 0.782505
699000 0.782507
700000 0.782521
701000 0.782522
702000 0.782517
703000 0.78254
704000 0.782542
705000 0.7825
706000 0.782492
707000 0.782504
708000 0.782469
709000 0.782435
710000 0.782416
711000 0.782404
712000 0.782417
713000 0.782429
714000 0.782429
715000 0.782409
716000 0.782397
717000 0.782372
718000 0.782358
719000 0.782325
720000 0.782301
721000 0.782303
722000 0.782322
723000 0.782347
724000 0.782382
725000 0.782397
726000 0.782404
727000 0.782413
728000 0.782444
729000 0.782479
730000 0.78249
731000 0.78248
732000 0.782479
733000 0.782484
734000 0.782501
735000 0.782515
736000 0.782542
737000 0.782565
738000 0.782591
739000 0.782608
740000 0.782612
741000 0.78264
742000 0.782662
743000 0.782671
744000 0.782677
745000 0.782686
746000 0.782682
747000 0.782698
748000 0.782716
749000 0.782731
750000 0.782731
751000 0.782741
752000 0.782758
753000 0.782771
754000 0.782786
755000 0.782816
756000 0.782823
757000 0.782797
758000 0.782784
759000 0.782766
760000 0.782756
761000 0.782753
762000 0.78278
763000 0.782799
764000 0.782818
765000 0.782835
766000 0.782861
767000 0.78288
768000 0.782909
769000 0.782924
770000 0.782963
771000 0.782988
772000 0.782999
773000 0.783019
774000 0.783026
775000 0.783013
776000 0.78301
777000 0.783014
778000 0.783027
779000 0.783036
780000 0.783048
781000 0.78305
782000 0.783064
783000 0.783048
784000 0.783034
785000 0.783009
786000 0.782994
787000 0.782997
788000 0.783001
789000 0.782994
790000 0.783004
791000 0.783002
792000 0.782982
793000 0.782978
794000 0.782963
795000 0.782971
796000 0.78297
797000 0.782969
798000 0.782962
799000 0.78296
800000 0.782965
801000 0.782965
802000 0.78296
803000 0.78293
804000 0.782947
805000 0.782969
806000 0.783
807000 0.782993
808000 0.783003
809000 0.783034
810000 0.783047
811000 0.783039
812000 0.783035
813000 0.78304
814000 0.783059
815000 0.783068
816000 0.783076
817000 0.783099
818000 0.783101
819000 0.783101
820000 0.783103
821000 0.783114
822000 0.783133
823000 0.783158
824000 0.783163
825000 0.783159
826000 0.783146
827000 0.783149
828000 0.783143
829000 0.783155
830000 0.78317
831000 0.783173
832000 0.783179
833000 0.783188
834000 0.783186
835000 0.783184
836000 0.783196
837000 0.783208
838000 0.783218
839000 0.783228
840000 0.783227
841000 0.783223
842000 0.78323
843000 0.783228
844000 0.783221
845000 0.783227
846000 0.783241
847000 0.783249
848000 0.783247
849000 0.78324
850000 0.783226
851000 0.783207
852000 0.78322
853000 0.783225
854000 0.783228
855000 0.783234
856000 0.783253
857000 0.783269
858000 0.783266
859000 0.783277
860000 0.783289
861000 0.783285
862000 0.783279
863000 0.783281
864000 0.783272
865000 0.78327
866000 0.783265
867000 0.783271
868000 0.783284
869000 0.783302
870000 0.783292
871000 0.783281
872000 0.783266
873000 0.783266
874000 0.783261
875000 0.78323
876000 0.78321
877000 0.783199
878000 0.783188
879000 0.78318
880000 0.783169
881000 0.78317
882000 0.783191
883000 0.783191
884000 0.783181
885000 0.783178
886000 0.783173
887000 0.7832
888000 0.783223
889000 0.783233
890000 0.783244
891000 0.783269
892000 0.783291
893000 0.783317
894000 0.783335
895000 0.783357
896000 0.783379
897000 0.783401
898000 0.783415
899000 0.78344
900000 0.783455
901000 0.783477
902000 0.783494
903000 0.783514
904000 0.783526
905000 0.783554
906000 0.783562
907000 0.783584
908000 0.783596
909000 0.783605
910000 0.783611
911000 0.783614
912000 0.783633
913000 0.783659
914000 0.783676
915000 0.783668
916000 0.783683
917000 0.783683
918000 0.783693
919000 0.783709
920000 0.783737
921000 0.783748
922000 0.783755
923000 0.783772
924000 0.783778
925000 0.783787
926000 0.783794
927000 0.783809
928000 0.783822
929000 0.783831
930000 0.783824
931000 0.78382
932000 0.783814
933000 0.78381
934000 0.783815
935000 0.783822
936000 0.783839
937000 0.783873
938000 0.78388
939000 0.783897
940000 0.78392
941000 0.783935
942000 0.783946
943000 0.78396
944000 0.783953
945000 0.783933
946000 0.783934
947000 0.783919
948000 0.783918
949000 0.783927
950000 0.783936
951000 0.783949
952000 0.783954
953000 0.783958
954000 0.783948
955000 0.783943
956000 0.783955
957000 0.783973
958000 0.783986
959000 0.783984
960000 0.78399
961000 0.783994
962000 0.783974
963000 0.783968
964000 0.783961
965000 0.783976
966000 0.784002
967000 0.784024
968000 0.784042
969000 0.784055
970000 0.78407
971000 0.784078
972000 0.784103
973000 0.784119
974000 0.784121
975000 0.784118
976000 0.784126
977000 0.784131
978000 0.784143
979000 0.784136
980000 0.784137
981000 0.784142
982000 0.784124
983000 0.784114
984000 0.78411
985000 0.784121
986000 0.784136
987000 0.784141
988000 0.78414
989000 0.784157
990000 0.784169
991000 0.784157
992000 0.784148
993000 0.784165
994000 0.784164
995000 0.78415
996000 0.784142
997000 0.784137
998000 0.784129
999000 0.78412
1000000 0.78411
1001000 0.784108
1002000 0.784114
1003000 0.784104
1004000 0.784101
1005000 0.784101
1006000 0.784093
1007000 0.784081
1008000 0.78408
1009000 0.784079
1010000 0.784082
1011000 0.784094
1012000 0.784103
1013000 0.784113
1014000 0.784125
1015000 0.784129
1016000 0.784129
1017000 0.784124
1018000 0.78413
1019000 0.784135
1020000 0.784146
1021000 0.784159
1022000 0.784189
1023000 0.784206
1024000 0.784217
1025000 0.784222
1026000 0.784231
1027000 0.784242
1028000 0.784257
1029000 0.784276
1030000 0.784292
1031000 0.784311
1032000 0.784317
1033000 0.784343
1034000 0.784365
1035000 0.784376
1036000 0.784396
1037000 0.784417
1038000 0.784425
1039000 0.784439
1040000 0.784445
1041000 0.784441
1042000 0.784433
1043000 0.784437
1044000 0.784428
1045000 0.784421
1046000 0.78441
1047000 0.784415
1048000 0.784413
1049000 0.784406
1050000 0.784406
1051000 0.784417
1052000 0.784426
1053000 0.784439
1054000 0.784446
1055000 0.784456
1056000 0.784471
1057000 0.784471
1058000 0.78448
1059000 0.78449
1060000 0.784492
1061000 0.784489
1062000 0.784486
1063000 0.784492
1064000 0.7845
1065000 0.784512
1066000 0.784542
1067000 0.784568
1068000 0.784597
1069000 0.784606
1070000 0.784616
1071000 0.784626
1072000 0.784644
1073000 0.784655
1074000 0.78466
1075000 0.784672
1076000 0.784689
1077000 0.784697
1078000 0.784711
1079000 0.784721
1080000 0.784735
1081000 0.784732
1082000 0.784738
1083000 0.784747
1084000 0.784753
1085000 0.78477
1086000 0.78479
1087000 0.784804
1088000 0.784813
1089000 0.784821
1090000 0.784826
1091000 0.784825
1092000 0.784828
1093000 0.784842
1094000 0.784845
1095000 0.784845
1096000 0.784833
1097000 0.784832
1098000 0.784832
1099000 0.784831
1100000 0.784832
1101000 0.784826
1102000 0.784823
1103000 0.784813
1104000 0.784809
1105000 0.784808
1106000 0.784812
1107000 0.784816
1108000 0.784805
1109000 0.784813
1110000 0.78481
1111000 0.784824
1112000 0.784837
1113000 0.784841
1114000 0.784837
1115000 0.784836
1116000 0.784839
1117000 0.784841
1118000 0.784841
1119000 0.784847
1120000 0.78486
1121000 0.78488
1122000 0.784886
1123000 0.784902
1124000 0.784904
1125000 0.784911
1126000 0.784924
1127000 0.784945
1128000 0.784949
1129000 0.784939
1130000 0.784945
1131000 0.784944
1132000 0.784952
1133000 0.784969
1134000 0.78498
1135000 0.784982
1136000 0.784987
1137000 0.784993
1138000 0.785004
1139000 0.785018
1140000 0.78502
1141000 0.785025
1142000 0.785029
1143000 0.785031
1144000 0.785034
1145000 0.785035
1146000 0.785038
1147000 0.785042
1148000 0.785052
1149000 0.785068
1150000 0.78507
1151000 0.785069
1152000 0.785064
1153000 0.785062
1154000 0.785051
1155000 0.785036
1156000 0.785039
1157000 0.785043
1158000 0.785038
1159000 0.785031
1160000 0.785027
1161000 0.785025
1162000 0.785011
1163000 0.785003
1164000 0.785002
1165000 0.784997
1166000 0.784996
1167000 0.784995
1168000 0.784986
1169000 0.784982
1170000 0.784989
1171000 0.784991
1172000 0.784989
1173000 0.784988
1174000 0.784985
1175000 0.78499
1176000 0.784999
1177000 0.785002
1178000 0.785001
1179000 0.785002
1180000 0.785005
1181000 0.78501
1182000 0.785018
1183000 0.785024
1184000 0.78503
1185000 0.785044
1186000 0.785056
1187000 0.785072
1188000 0.785089
1189000 0.785091
1190000 0.785098
1191000 0.785103
1192000 0.785105
1193000 0.7851
1194000 0.785103
1195000 0.785112
1196000 0.785116
1197000 0.785113
1198000 0.785111
1199000 0.78511
1200000 0.785102
1201000 0.785096
1202000 0.785085
1203000 0.785085
1204000 0.785089
1205000 0.785091
1206000 0.785096
1207000 0.785103
1208000 0.785114
1209000 0.785129
1210000 0.785147
1211000 0.785165
1212000 0.785177
1213000 0.785177
1214000 0.785181
1215000 0.785183
1216000 0.785188
1217000 0.785199
1218000 0.785209
1219000 0.785222
1220000 0.785238
1221000 0.785248
1222000 0.785257
1223000 0.785254
1224000 0.78525
1225000 0.785248
1226000 0.785254
1227000 0.785259
1228000 0.785259
1229000 0.785247
1230000 0.78525
1231000 0.785246
1232000 0.785244
1233000 0.785243
1234000 0.785245
1235000 0.785247
1236000 0.785251
1237000 0.785252
1238000 0.785245
1239000 0.785236
1240000 0.785228
1241000 0.78522
1242000 0.785223
1243000 0.78522
1244000 0.785215
1245000 0.785218
1246000 0.785224
1247000 0.785226
1248000 0.785231
1249000 0.785245
1250000 0.785251
