# Time-averaged data for fix dave
# TimeStep v_rho
251000 0.115034
252000 0.149585
253000 0.145617
254000 0.126824
255000 0.112507
256000 0.0989558
257000 0.0876976
258000 0.0789989
259000 0.0716597
260000 0.0657607
261000 0.0611873
262000 0.0577872
263000 0.0547137
264000 0.0518428
265000 0.0488397
266000 0.0465563
267000 0.0441848
268000 0.042833
269000 0.0411409
270000 0.039488
271000 0.0380751
272000 0.0368522
273000 0.0359471
274000 0.0347253
275000 0.0340563
276000 0.0334508
277000 0.032558
278000 0.0319302
279000 0.0312691
280000 0.0307082
281000 0.0300466
282000 0.0295165
283000 0.0290392
284000 0.0284733
285000 0.0280436
286000 0.0277186
287000 0.0272082
288000 0.0267779
289000 0.0265318
290000 0.0260964
291000 0.0257943
292000 0.0256393
293000 0.0253803
294000 0.0249876
295000 0.0247826
296000 0.0245854
297000 0.0242842
298000 0.0239917
299000 0.0237341
300000 0.0235178
301000 0.0234877
302000 0.0235246
303000 0.0235042
304000 0.0234566
305000 0.0233887
306000 0.0232394
307000 0.0231116
308000 0.0231004
309000 0.0231814
310000 0.0232919
311000 0.0235051
312000 0.0241392
313000 0.0246985
314000 0.0253054
315000 0.0254786
316000 0.0260566
317000 0.0276039
318000 0.029332
319000 0.0308758
320000 0.0314655
321000 0.0313316
322000 0.0312021
323000 0.0314157
324000 0.0323588
325000 0.0337169
326000 0.0349942
327000 0.036395
328000 0.0367234
329000 0.0368286
330000 0.0366093
331000 0.036362
332000 0.0361851
333000 0.0359184
334000 0.0356458
335000 0.0355998
336000 0.0353136
337000 0.0350687
338000 0.0347623
339000 0.0345422
340000 0.0343437
341000 0.034061
342000 0.0338307
343000 0.0337377
344000 0.0336488
345000 0.033393
346000 0.0332394
347000 0.0330107
348000 0.0327879
349000 0.0326435
350000 0.032532
351000 0.0324774
352000 0.0322742
353000 0.032034
354000 0.0319056
355000 0.0316945
356000 0.0314737
357000 0.0312578
358000 0.0310623
359000 0.0309142
360000 0.0307381
361000 0.0306136
362000 0.0304548
363000 0.0302949
364000 0.03011
365000 0.0300116
366000 0.0299666
367000 0.0297676
368000 0.0296163
369000 0.0294532
370000 0.0292831
371000 0.0292072
372000 0.0290824
373000 0.0289112
374000 0.0287599
375000 0.0286579
376000 0.0285181
377000 0.0283596
378000 0.0282085
379000 0.0280444
380000 0.0279023
381000 0.0277349
382000 0.027613
383000 0.0274656
384000 0.0273169
385000 0.0271741
386000 0.0270244
387000 0.0268943
388000 0.0267847
389000 0.0266348
390000 0.0265504
391000 0.0264131
392000 0.026309
393000 0.0261641
394000 0.0260635
395000 0.0259657
396000 0.0258546
397000 0.025801
398000 0.0257675
399000 0.0257548
400000 0.0257245
401000 0.0257884
402000 0.0259995
403000 0.0260692
404000 0.0260816
405000 0.0260367
406000 0.0259681
407000 0.0258976
408000 0.0258657
409000 0.025796
410000 0.0257473
411000 0.0256318
412000 0.0255218
413000 0.0253933
414000 0.0253002
415000 0.0251752
416000 0.0250775
417000 0.0249671
418000 0.0248565
419000 0.024756
420000 0.0246402
421000 0.0245478
422000 0.024437
423000 0.0243265
424000 0.024214
425000 0.0241504
426000 0.0240397
427000 0.0239494
428000 0.0238567
429000 0.0237505
430000 0.0236523
431000 0.0235503
432000 0.0234549
433000 0.0233579
434000 0.0232713
435000 0.0231716
436000 0.0230947
437000 0.0229922
438000 0.0229204
439000 0.022822
440000 0.0227446
441000 0.0226538
442000 0.0225667
443000 0.0224746
444000 0.022387
445000 0.0222985
446000 0.0222187
447000 0.0221618
448000 0.0220785
449000 0.0220073
450000 0.0219263
451000 0.0218576
452000 0.0217865
453000 0.0217053
454000 0.0216562
455000 0.0216022
456000 0.0215231
457000 0.0214631
458000 0.0213963
459000 0.0213309
460000 0.0212829
461000 0.0212208
462000 0.0211691
463000 0.0211034
464000 0.0210374
465000 0.0210058
466000 0.0209364
467000 0.0208647
468000 0.020826
469000 0.0207551
470000 0.0207051
471000 0.0206482
472000 0.0205985
473000 0.0205447
474000 0.0205005
475000 0.0204414
476000 0.0203946
477000 0.0203801
478000 0.0203088
479000 0.0202943
480000 0.0202357
481000 0.0201975
482000 0.0201592
483000 0.0201186
484000 0.0200911
485000 0.0200581
486000 0.0200301
487000 0.0200047
488000 0.0199689
489000 0.0199451
490000 0.0198924
491000 0.0198341
492000 0.0197949
493000 0.0197453
494000 0.019693
495000 0.0196729
496000 0.019614
497000 0.0195821
498000 0.0195443
499000 0.0194919
500000 0.0194567
501000 0.0194195
502000 0.0193907
503000 0.0193571
504000 0.0193167
505000 0.0192785
506000 0.0192535
507000 0.0192208
508000 0.0191985
509000 0.0191792
510000 0.0191281
511000 0.0191308
512000 0.0191334
513000 0.0190961
514000 0.0190556
515000 0.0190594
516000 0.0190335
517000 0.0190205
518000 0.0190034
519000 0.0189543
520000 0.0189437
521000 0.0189367
522000 0.0188893
523000 0.0189029
524000 0.0188855
525000 0.0188445
526000 0.0188422
527000 0.0188081
528000 0.0187851
529000 0.0187696
530000 0.0187252
531000 0.0187126
532000 0.0186728
533000 0.0186426
534000 0.0186298
535000 0.0185898
536000 0.0185751
537000 0.018551
538000 0.0185124
539000 0.0185124
540000 0.0184752
541000 0.0184429
542000 0.0184321
543000 0.0184207
544000 0.0183859
545000 0.0183874
546000 0.0183917
547000 0.0183526
548000 0.0183468
549000 0.0183506
550000 0.0183202
551000 0.0182907
552000 0.0182677
553000 0.0182572
554000 0.0182373
555000 0.0182267
556000 0.0182056
557000 0.0181929
558000 0.0181723
559000 0.0181542
560000 0.0181344
561000 0.0181071
562000 0.018088
563000 0.0180525
564000 0.0180277
565000 0.017993
566000 0.0179701
567000 0.0179447
568000 0.0179091
569000 0.0178863
570000 0.0178496
571000 0.017817
572000 0.0177833
573000 0.0177548
574000 0.0177193
575000 0.0176948
576000 0.0176668
577000 0.0176637
578000 0.0176321
579000 0.0176069
580000 0.0175815
581000 0.0175638
582000 0.017547
583000 0.0175251
584000 0.0175061
585000 0.0174802
586000 0.0174581
587000 0.0174687
588000 0.017441
589000 0.0174165
590000 0.0173944
591000 0.0173869
592000 0.0173673
593000 0.0173525
594000 0.0173635
595000 0.0174234
596000 0.0174038
597000 0.0173793
598000 0.01742
599000 0.0174076
600000 0.0173826
601000 0.0173744
602000 0.0173685
603000 0.0173692
604000 0.0173609
605000 0.0173421
606000 0.0173338
607000 0.0173094
608000 0.017285
609000 0.017277
610000 0.0172564
611000 0.0172333
612000 0.0172016
613000 0.0171753
614000 0.0171499
615000 0.0171247
616000 0.0170977
617000 0.0170775
618000 0.0170529
619000 0.0170376
620000 0.0170098
621000 0.0169783
622000 0.016953
623000 0.0169435
624000 0.0169109
625000 0.0168933
626000 0.0168648
627000 0.0168368
628000 0.0168168
629000 0.016788
630000 0.0167679
631000 0.0167423
632000 0.0167153
633000 0.0166923
634000 0.016668
635000 0.016648
636000 0.016623
637000 0.0165968
638000 0.0165703
639000 0.0165478
640000 0.0165228
641000 0.0164932
642000 0.0164758
643000 0.0164503
644000 0.0164238
645000 0.0164107
646000 0.0163878
647000 0.0163651
648000 0.0163423
649000 0.0163178
650000 0.0163009
651000 0.0163118
652000 0.016292
653000 0.0162664
654000 0.0162421
655000 0.0162346
656000 0.0162207
657000 0.0161929
658000 0.0161899
659000 0.0162138
660000 0.0162131
661000 0.0161944
662000 0.0161711
663000 0.0161484
664000 0.0161546
665000 0.0161604
666000 0.0161572
667000 0.0161367
668000 0.016129
669000 0.0161185
670000 0.0161151
671000 0.0161071
672000 0.0160886
673000 0.0160779
674000 0.0160688
675000 0.0160465
676000 0.0160262
677000 0.0160215
678000 0.0159997
679000 0.0159817
680000 0.0159635
681000 0.0159425
682000 0.0159222
683000 0.0158986
684000 0.0158767
685000 0.0158558
686000 0.0158326
687000 0.0158127
688000 0.0157896
689000 0.0157724
690000 0.0157514
691000 0.0157283
692000 0.0157205
693000 0.0156982
694000 0.0156785
695000 0.0156603
696000 0.0156373
697000 0.0156255
698000 0.0156001
699000 0.0155885
700000 0.0155632
701000 0.0155413
702000 0.015517
703000 0.0155082
704000 0.0154831
705000 0.0154683
706000 0.0154449
707000 0.0154221
708000 0.0154012
709000 0.0153787
710000 0.0153593
711000 0.0153382
712000 0.0153177
713000 0.0152963
714000 0.0152781
715000 0.0152556
716000 0.0152412
717000 0.0152162
718000 0.015205
719000 0.0151805
720000 0.0151763
721000 0.0151499
722000 0.0151336
723000 0.0151095
724000 0.0150946
725000 0.0150711
726000 0.0150538
727000 0.0150334
728000 0.0150168
729000 0.0149992
730000 0.0149769
731000 0.0149593
732000 0.0149396
733000 0.0149184
734000 0.0149011
735000 0.0148781
736000 0.0148605
737000 0.0148403
738000 0.0148284
739000 0.0148092
740000 0.0147891
741000 0.0147728
742000 0.0147536
743000 0.0147361
744000 0.0147175
745000 0.0147024
746000 0.0146819
747000 0.0146671
748000 0.0146484
749000 0.0146323
750000 0.014614
751000 0.0146013
752000 0.0145847
753000 0.0145716
754000 0.0145663
755000 0.0145511
756000 0.0145422
757000 0.0145244
758000 0.0145101
759000 0.0145039
760000 0.0144836
761000 0.014468
762000 0.0144507
763000 0.0144379
764000 0.0144193
765000 0.0144049
766000 0.0143873
767000 0.0143728
768000 0.014355
769000 0.0143421
770000 0.0143255
771000 0.0143097
772000 0.0142961
773000 0.0142794
774000 0.0142663
775000 0.0142483
776000 0.0142361
777000 0.0142192
778000 0.0142049
779000 0.0141866
780000 0.0141786
781000 0.0141625
782000 0.0141531
783000 0.0141421
784000 0.0141265
785000 0.0141097
786000 0.0140954
787000 0.0140783
788000 0.0140647
789000 0.0140474
790000 0.0140349
791000 0.0140255
792000 0.014007
793000 0.0139934
794000 0.0139756
795000 0.0139602
796000 0.0139441
797000 0.0139269
798000 0.0139131
799000 0.0138977
800000 0.0138817
801000 0.0138647
802000 0.0138489
803000 0.0138322
804000 0.0138181
805000 0.013802
806000 0.0137879
807000 0.0137711
808000 0.0137559
809000 0.0137399
810000 0.013725
811000 0.0137102
812000 0.013695
813000 0.0136795
814000 0.0136656
815000 0.0136517
816000 0.0136359
817000 0.0136215
818000 0.0136052
819000 0.0135904
820000 0.0135728
821000 0.013562
822000 0.0135448
823000 0.0135328
824000 0.0135157
825000 0.0135035
826000 0.0134865
827000 0.0134739
828000 0.013458
829000 0.0134444
830000 0.0134278
831000 0.0134127
832000 0.0133985
833000 0.0133831
834000 0.0133682
835000 0.0133534
836000 0.0133388
837000 0.0133236
838000 0.0133096
839000 0.0132941
840000 0.0132781
841000 0.0132628
842000 0.0132497
843000 0.0132342
844000 0.0132209
845000 0.0132053
846000 0.0131912
847000 0.0131771
848000 0.0131634
849000 0.0131498
850000 0.013136
851000 0.0131221
852000 0.0131076
853000 0.0130983
854000 0.0130846
855000 0.0130734
856000 0.0130602
857000 0.013048
858000 0.0130334
859000 0.0130252
860000 0.0130176
861000 0.0130055
862000 0.0130035
863000 0.0129892
864000 0.0129865
865000 0.0129765
866000 0.0129699
867000 0.0129865
868000 0.012973
869000 0.0129632
870000 0.0129586
871000 0.0129436
872000 0.0129385
873000 0.0129235
874000 0.0129203
875000 0.0129084
876000 0.0129013
877000 0.0128916
878000 0.0128813
879000 0.0128747
880000 0.0128658
881000 0.0128578
882000 0.0128446
883000 0.0128439
884000 0.0128391
885000 0.0128289
886000 0.0128276
887000 0.0128133
888000 0.0128088
889000 0.0128084
890000 0.0128021
891000 0.0127905
892000 0.0127909
893000 0.0127815
894000 0.0127764
895000 0.0127728
896000 0.0127619
897000 0.012762
898000 0.0127555
899000 0.0127451
900000 0.0127377
901000 0.0127276
902000 0.0127201
903000 0.0127108
904000 0.0127009
905000 0.0126942
906000 0.0126836
907000 0.0126767
908000 0.0126647
909000 0.0126573
910000 0.0126497
911000 0.0126392
912000 0.0126354
913000 0.0126224
914000 0.0126138
915000 0.0126084
916000 0.0125977
917000 0.0125871
918000 0.012581
919000 0.0125711
920000 0.0125636
921000 0.0125561
922000 0.0125469
923000 0.0125405
924000 0.0125291
925000 0.012524
926000 0.0125155
927000 0.0125083
928000 0.0125014
929000 0.0124932
930000 0.0124842
931000 0.0124772
932000 0.0124687
933000 0.012459
934000 0.0124492
935000 0.0124411
936000 0.0124333
937000 0.0124264
938000 0.0124229
939000 0.0124167
940000 0.0124088
941000 0.0123997
942000 0.0123959
943000 0.0123903
944000 0.0123851
945000 0.0123793
946000 0.0123706
947000 0.0123636
948000 0.0123564
949000 0.0123528
950000 0.0123417
951000 0.0123397
952000 0.0123308
953000 0.0123249
954000 0.0123198
955000 0.0123095
956000 0.0123085
957000 0.0123006
958000 0.0122924
959000 0.0122872
960000 0.0122788
961000 0.0122723
962000 0.0122686
963000 0.0122623
964000 0.0122547
965000 0.0122529
966000 0.0122461
967000 0.0122371
968000 0.0122333
969000 0.0122251
970000 0.0122216
971000 0.0122162
972000 0.0122083
973000 0.0122063
974000 0.0122
975000 0.0121923
976000 0.0121884
977000 0.0121822
978000 0.0121775
979000 0.0121739
980000 0.0121852
981000 0.012184
982000 0.0121764
983000 0.0121783
984000 0.012178
985000 0.0121736
986000 0.0121698
987000 0.0121717
988000 0.0121681
989000 0.0121613
990000 0.0121613
991000 0.0121603
992000 0.0121568
993000 0.0121542
994000 0.0121473
995000 0.0121422
996000 0.0121365
997000 0.0121284
998000 0.0121228
999000 0.0121152
1000000 0.0121091
1001000 0.0121022
1002000 0.012099
1003000 0.0120906
1004000 0.0120843
1005000 0.0120752
1006000 0.0120679
1007000 0.0120594
1008000 0.0120509
1009000 0.0120433
1010000 0.0120382
1011000 0.0120308
1012000 0.0120239
1013000 0.0120162
1014000 0.0120082
1015000 0.0120018
1016000 0.0119932
1017000 0.0119832
1018000 0.0119777
1019000 0.0119723
1020000 0.011969
1021000 0.011984
1022000 0.0119825
1023000 0.0119753
1024000 0.0119711
1025000 0.0119652
1026000 0.011965
1027000 0.0119646
1028000 0.011956
1029000 0.0119578
1030000 0.0119525
1031000 0.0119454
1032000 0.0119404
1033000 0.0119383
1034000 0.0119323
1035000 0.0119276
1036000 0.0119306
1037000 0.0119263
1038000 0.0119216
1039000 0.0119127
1040000 0.0119088
1041000 0.0119071
1042000 0.011901
1043000 0.0118956
1044000 0.0118943
1045000 0.0118959
1046000 0.0118906
1047000 0.0118844
1048000 0.0118834
1049000 0.0118839
1050000 0.0118775
1051000 0.0118736
1052000 0.0118668
1053000 0.0118607
1054000 0.0118563
1055000 0.0118481
1056000 0.0118424
1057000 0.0118372
1058000 0.0118348
1059000 0.0118325
1060000 0.0118259
1061000 0.0118274
1062000 0.0118193
1063000 0.0118122
1064000 0.0118119
1065000 0.0118035
1066000 0.0118062
1067000 0.0117982
1068000 0.011796
1069000 0.0117917
1070000 0.0117832
1071000 0.0117801
1072000 0.0117941
1073000 0.0117915
1074000 0.0117878
1075000 0.011782
1076000 0.0117843
1077000 0.011779
1078000 0.0117747
1079000 0.0117753
1080000 0.0117662
1081000 0.0117706
1082000 0.0117622
1083000 0.0117623
1084000 0.011758
1085000 0.0117518
1086000 0.0117504
1087000 0.0117435
1088000 0.0117416
1089000 0.011736
1090000 0.0117306
1091000 0.0117265
1092000 0.0117192
1093000 0.0117204
1094000 0.0117148
1095000 0.0117125
1096000 0.011713
1097000 0.0117058
1098000 0.0117022
1099000 0.0117006
1100000 0.0116979
1101000 0.0116902
1102000 0.0116876
1103000 0.011685
1104000 0.0116784
1105000 0.011682
1106000 0.0116775
1107000 0.0116747
1108000 0.0116823
1109000 0.0116888
1110000 0.0116886
1111000 0.0116932
1112000 0.0116983
1113000 0.0116979
1114000 0.0116991
1115000 0.0117098
1116000 0.0117103
1117000 0.0117043
1118000 0.011708
1119000 0.0117154
1120000 0.0117168
1121000 0.0117157
1122000 0.0117181
1123000 0.0117248
1124000 0.0117223
1125000 0.0117281
1126000 0.0117423
1127000 0.0117717
1128000 0.0117909
1129000 0.0118082
1130000 0.0118133
1131000 0.0118105
1132000 0.011822
1133000 0.0118323
1134000 0.0118432
1135000 0.0118493
1136000 0.0118588
1137000 0.0118917
1138000 0.0119038
1139000 0.0119148
1140000 0.0119192
1141000 0.0119368
1142000 0.0119598
1143000 0.0119743
1144000 0.0119732
1145000 0.0119722
1146000 0.0119745
1147000 0.0119758
1148000 0.0119855
1149000 0.0119846
1150000 0.0119795
1151000 0.0119759
1152000 0.0119718
1153000 0.0119708
1154000 0.0119675
1155000 0.0119632
1156000 0.011961
1157000 0.0119729
1158000 0.0119698
1159000 0.0119646
1160000 0.0119749
1161000 0.0119721
1162000 0.0119697
1163000 0.0119716
1164000 0.0119796
1165000 0.0119771
1166000 0.0119793
1167000 0.011989
1168000 0.0119838
1169000 0.0119855
1170000 0.0119893
1171000 0.011987
1172000 0.0119938
1173000 0.011995
1174000 0.0119944
1175000 0.0120115
1176000 0.0120265
1177000 0.0120205
1178000 0.0120182
1179000 0.0120285
1180000 0.0120284
1181000 0.0120253
1182000 0.0120297
1183000 0.0120318
1184000 0.012036
1185000 0.0120418
1186000 0.0120566
1187000 0.0120679
1188000 0.0120763
1189000 0.0120787
1190000 0.0120853
1191000 0.0120909
1192000 0.0120947
1193000 0.0120955
1194000 0.0120937
1195000 0.0120967
1196000 0.0121009
1197000 0.0120972
1198000 0.0120965
1199000 0.0121003
1200000 0.0121161
1201000 0.012119
1202000 0.0121174
1203000 0.0121162
1204000 0.0121141
1205000 0.0121181
1206000 0.0121121
1207000 0.0121074
1208000 0.0121103
1209000 0.0121057
1210000 0.0121005
1211000 0.0120963
1212000 0.0120928
1213000 0.0120895
1214000 0.0120837
1215000 0.0120834
1216000 0.0120817
1217000 0.0120765
1218000 0.0120718
1219000 0.0120694
1220000 0.0120669
1221000 0.0120616
1222000 0.0120577
1223000 0.0120548
1224000 0.0120482
1225000 0.0120422
1226000 0.0120434
1227000 0.0120378
1228000 0.0120324
1229000 0.0120282
1230000 0.0120247
1231000 0.0120185
1232000 0.0120166
1233000 0.0120108
1234000 0.0120073
1235000 0.0120054
1236000 0.011998
1237000 0.0119924
1238000 0.0119864
1239000 0.0119826
1240000 0.0119756
1241000 0.0119744
1242000 0.0119682
1243000 0.0119656
1244000 0.0119627
1245000 0.0119585
1246000 0.0119544
1247000 0.0119546
1248000 0.0119494
1249000 0.0119453
1250000 0.011942
