# Time-averaged data for fix dave
# TimeStep v_rho
251000 0.838904
252000 0.824128
253000 0.81474
254000 0.809906
255000 0.804795
256000 0.802329
257000 0.801719
258000 0.80181
259000 0.800969
260000 0.801062
261000 0.800062
262000 0.799871
263000 0.798994
264000 0.798699
265000 0.798662
266000 0.797284
267000 0.796764
268000 0.796018
269000 0.794713
270000 0.793937
271000 0.793762
272000 0.793711
273000 0.793789
274000 0.794318
275000 0.794613
276000 0.795147
277000 0.795782
278000 0.796512
279000 0.797286
280000 0.798151
281000 0.79845
282000 0.798978
283000 0.799204
284000 0.799124
285000 0.799443
286000 0.799644
287000 0.800021
288000 0.799962
289000 0.800203
290000 0.800041
291000 0.799955
292000 0.799855
293000 0.800026
294000 0.800474
295000 0.800748
296000 0.801025
297000 0.801707
298000 0.802183
299000 0.802581
300000 0.802968
301000 0.803457
302000 0.803833
303000 0.804202
304000 0.804412
305000 0.804571
306000 0.804819
307000 0.805071
308000 0.805154
309000 0.805323
310000 0.80534
311000 0.805541
312000 0.805862
313000 0.806181
314000 0.806386
315000 0.806675
316000 0.806833
317000 0.806953
318000 0.806823
319000 0.806827
320000 0.806745
321000 0.80689
322000 0.806938
323000 0.807103
324000 0.80722
325000 0.807332
326000 0.807293
327000 0.807348
328000 0.807396
329000 0.807579
330000 0.807607
331000 0.807866
332000 0.808094
333000 0.808262
334000 0.808346
335000 0.808342
336000 0.808386
337000 0.808429
338000 0.808503
339000 0.808457
340000 0.808451
341000 0.808447
342000 0.808406
343000 0.808304
344000 0.808201
345000 0.808111
346000 0.80793
347000 0.807737
348000 0.807433
349000 0.80727
350000 0.807061
351000 0.807001
352000 0.806861
353000 0.806707
354000 0.806567
355000 0.80645
356000 0.806389
357000 0.806224
358000 0.806112
359000 0.805993
360000 0.80596
361000 0.805804
362000 0.805762
363000 0.805788
364000 0.805914
365000 0.805798
366000 0.805645
367000 0.805635
368000 0.805407
369000 0.805182
370000 0.805052
371000 0.805019
372000 0.805003
373000 0.804864
374000 0.804754
375000 0.80458
376000 0.804339
377000 0.804217
378000 0.804063
379000 0.803969
380000 0.803874
381000 0.803827
382000 0.803785
383000 0.803843
384000 0.803821
385000 0.803865
386000 0.80383
387000 0.803784
388000 0.803749
389000 0.803744
390000 0.803707
391000 0.803687
392000 0.80361
393000 0.803508
394000 0.803397
395000 0.803345
396000 0.803315
397000 0.803279
398000 0.803242
399000 0.803127
400000 0.803102
401000 0.80314
402000 0.803148
403000 0.803214
404000 0.803215
405000 0.803235
406000 0.803229
407000 0.803312
408000 0.803288
409000 0.803265
410000 0.803262
411000 0.803258
412000 0.80322
413000 0.803249
414000 0.803245
415000 0.80325
416000 0.803211
417000 0.803206
418000 0.80319
419000 0.803219
420000 0.803202
421000 0.803137
422000 0.803119
423000 0.80309
424000 0.803104
425000 0.803091
426000 0.803157
427000 0.803227
428000 0.803261
429000 0.80334
430000 0.803424
431000 0.803444
432000 0.803477
433000 0.803448
434000 0.803464
435000 0.803413
436000 0.803446
437000 0.803496
438000 0.80355
439000 0.803593
440000 0.803635
441000 0.803614
442000 0.803631
443000 0.803601
444000 0.803627
445000 0.803663
446000 0.803611
447000 0.803583
448000 0.803583
449000 0.803571
450000 0.803584
451000 0.803481
452000 0.803403
453000 0.803334
454000 0.803301
455000 0.803349
456000 0.803368
457000 0.803391
458000 0.803437
459000 0.803483
460000 0.803481
461000 0.803495
462000 0.803472
463000 0.803448
464000 0.803406
465000 0.803375
466000 0.803346
467000 0.80333
468000 0.803337
469000 0.80339
470000 0.803378
471000 0.80338
472000 0.803442
473000 0.803494
474000 0.803536
475000 0.803563
476000 0.803568
477000 0.803591
478000 0.803569
479000 0.803554
480000 0.803511
481000 0.803512
482000 0.803468
483000 0.803501
484000 0.803507
485000 0.803486
486000 0.803445
487000 0.803409
488000 0.803357
489000 0.803262
490000 0.803154
491000 0.803138
492000 0.803052
493000 0.803033
494000 0.803018
495000 0.802994
496000 0.802941
497000 0.802821
498000 0.802725
499000 0.802655
500000 0.802576
501000 0.802477
502000 0.802323
503000 0.802222
504000 0.802149
505000 0.802103
506000 0.802042
507000 0.802051
508000 0.802021
509000 0.802008
510000 0.801971
511000 0.801936
512000 0.801899
513000 0.801874
514000 0.801901
515000 0.801917
516000 0.801929
517000 0.801923
518000 0.80187
519000 0.801824
520000 0.801806
521000 0.80179
522000 0.801749
523000 0.801754
524000 0.801702
525000 0.801643
526000 0.801609
527000 0.801591
528000 0.801588
529000 0.801601
530000 0.801585
531000 0.801601
532000 0.801618
533000 0.801622
534000 0.801649
535000 0.801679
536000 0.801668
537000 0.80167
538000 0.801709
539000 0.801752
540000 0.801772
541000 0.801777
542000 0.801802
543000 0.801805
544000 0.801774
545000 0.801756
546000 0.801763
547000 0.801731
548000 0.801722
549000 0.801727
550000 0.801713
551000 0.801724
552000 0.801764
553000 0.801771
554000 0.801737
555000 0.801727
556000 0.801733
557000 0.801738
558000 0.801732
559000 0.801706
560000 0.801648
561000 0.801606
562000 0.80157
563000 0.80153
564000 0.801485
565000 0.801453
566000 0.80144
567000 0.80143
568000 0.801404
569000 0.801394
570000 0.801379
571000 0.801411
572000 0.801424
573000 0.801425
574000 0.801411
575000 0.801428
576000 0.801411
577000 0.801424
578000 0.801415
579000 0.801424
580000 0.80143
581000 0.801405
582000 0.801357
583000 0.801314
584000 0.801255
585000 0.801211
586000 0.801189
587000 0.801161
588000 0.801151
589000 0.801117
590000 0.80107
591000 0.801037
592000 0.801024
593000 0.801001
594000 0.800929
595000 0.800916
596000 0.800913
597000 0.800876
598000 0.800889
599000 0.800916
600000 0.800921
601000 0.800918
602000 0.800929
603000 0.800963
604000 0.800966
605000 0.800973
606000 0.80096
607000 0.800939
608000 0.800921
609000 0.800901
610000 0.800903
611000 0.800898
612000 0.800918
613000 0.800937
614000 0.800922
615000 0.800922
616000 0.800895
617000 0.800819
618000 0.800795
619000 0.800778
620000 0.800771
621000 0.800762
622000 0.80077
623000 0.800791
624000 0.800803
625000 0.800834
626000 0.800835
627000 0.800852
628000 0.800877
629000 0.800893
630000 0.800911
631000 0.800895
632000 0.800851
633000 0.80079
634000 0.800771
635000 0.800764
636000 0.800765
637000 0.80077
638000 0.800794
639000 0.800743
640000 0.800732
641000 0.800707
642000 0.800724
643000 0.800716
644000 0.800655
645000 0.800609
646000 0.800568
647000 0.800522
648000 0.800498
649000 0.800473
650000 0.800412
651000 0.800398
652000 0.800338
653000 0.800278
654000 0.800223
655000 0.800182
656000 0.800105
657000 0.800067
658000 0.800002
659000 0.799971
660000 0.799905
661000 0.799868
662000 0.799826
663000 0.799769
664000 0.799746
665000 0.799739
666000 0.799715
667000 0.799679
668000 0.799628
669000 0.799618
670000 0.799573
671000 0.799547
672000 0.799506
673000 0.799465
674000 0.799442
675000 0.799393
676000 0.799333
677000 0.79929
678000 0.799283
679000 0.799267
680000 0.799229
681000 0.799175
682000 0.799118
683000 0.799086
684000 0.799076
685000 0.799058
686000 0.799051
687000 0.799059
688000 0.799026
689000 0.798999
690000 0.798998
691000 0.798989
692000 0.79898
693000 0.798962
694000 0.798952
695000 0.798925
696000 0.798905
697000 0.798873
698000 0.798847
699000 0.798836
700000 0.798859
701000 0.798859
702000 0.798838
703000 0.798832
704000 0.798813
705000 0.798836
706000 0.798842
707000 0.798833
708000 0.798813
709000 0.798823
710000 0.798841
711000 0.798827
712000 0.798835
713000 0.798828
714000 0.798827
715000 0.798827
716000 0.79882
717000 0.798825
718000 0.798808
719000 0.79879
720000 0.79879
721000 0.79879
722000 0.798782
723000 0.798771
724000 0.798769
725000 0.798764
726000 0.798737
727000 0.798727
728000 0.798734
729000 0.798735
730000 0.798723
731000 0.798713
732000 0.798662
733000 0.798625
734000 0.798588
735000 0.798533
736000 0.798505
737000 0.798505
738000 0.798486
739000 0.798493
740000 0.79846
741000 0.79844
742000 0.798396
743000 0.798331
744000 0.798303
745000 0.798255
746000 0.798183
747000 0.798139
748000 0.798108
749000 0.798066
750000 0.798046
751000 0.798023
752000 0.797993
753000 0.797968
754000 0.797931
755000 0.797901
756000 0.797887
757000 0.797866
758000 0.797881
759000 0.797881
760000 0.797862
761000 0.797831
762000 0.797811
763000 0.797809
764000 0.797795
765000 0.797783
766000 0.797772
767000 0.79776
768000 0.79774
769000 0.797732
770000 0.797697
771000 0.79767
772000 0.797661
773000 0.797627
774000 0.797557
775000 0.797551
776000 0.797547
777000 0.797552
778000 0.797548
779000 0.797549
780000 0.797534
781000 0.797517
782000 0.797485
783000 0.797453
784000 0.797415
785000 0.797382
786000 0.797362
787000 0.797346
788000 0.797331
789000 0.797324
790000 0.797311
791000 0.79729
792000 0.797277
793000 0.797245
794000 0.797193
795000 0.79715
796000 0.797109
797000 0.797076
798000 0.797065
799000 0.797044
800000 0.79703
801000 0.797015
802000 0.797013
803000 0.797026
804000 0.797028
805000 0.797026
806000 0.797005
807000 0.797009
808000 0.796988
809000 0.796933
810000 0.796902
811000 0.796879
812000 0.79686
813000 0.79682
814000 0.796802
815000 0.796779
816000 0.79678
817000 0.796737
818000 0.796714
819000 0.796695
820000 0.796695
821000 0.796686
822000 0.7967
823000 0.796712
824000 0.79675
825000 0.796792
826000 0.796828
827000 0.796847
828000 0.796864
829000 0.796856
830000 0.796861
831000 0.796873
832000 0.796896
833000 0.796904
834000 0.796939
835000 0.796926
836000 0.79692
837000 0.796914
838000 0.796927
839000 0.796939
840000 0.796926
841000 0.796942
842000 0.796956
843000 0.796962
844000 0.796948
845000 0.796958
846000 0.796976
847000 0.796992
848000 0.796994
849000 0.797017
850000 0.797016
851000 0.79702
852000 0.797023
853000 0.797009
854000 0.797024
855000 0.797044
856000 0.797097
857000 0.797112
858000 0.79713
859000 0.797133
860000 0.797129
861000 0.797129
862000 0.797152
863000 0.797156
864000 0.797163
865000 0.797159
866000 0.797171
867000 0.797178
868000 0.79718
869000 0.797191
870000 0.797204
871000 0.797218
872000 0.797232
873000 0.797245
874000 0.797258
875000 0.797249
876000 0.797258
877000 0.79724
878000 0.797223
879000 0.797231
880000 0.79723
881000 0.797226
882000 0.797245
883000 0.79726
884000 0.797263
885000 0.797269
886000 0.79728
887000 0.797268
888000 0.79727
889000 0.797273
890000 0.797283
891000 0.797272
892000 0.797275
893000 0.797278
894000 0.797287
895000 0.797303
896000 0.797287
897000 0.797271
898000 0.797226
899000 0.79721
900000 0.797186
901000 0.797181
902000 0.79716
903000 0.79716
904000 0.797143
905000 0.797144
906000 0.797147
907000 0.797158
908000 0.797167
909000 0.797154
910000 0.797147
911000 0.797159
912000 0.797161
913000 0.797167
914000 0.797184
915000 0.797191
916000 0.797203
917000 0.797226
918000 0.797234
919000 0.797239
920000 0.797256
921000 0.79727
922000 0.797255
923000 0.797252
924000 0.797243
925000 0.797245
926000 0.797227
927000 0.797211
928000 0.797196
929000 0.797185
930000 0.797194
931000 0.797191
932000 0.797193
933000 0.797166
934000 0.797168
935000 0.79717
936000 0.797179
937000 0.797188
938000 0.797185
939000 0.797181
940000 0.797168
941000 0.797165
942000 0.797166
943000 0.797173
944000 0.797189
945000 0.797195
946000 0.797179
947000 0.79717
948000 0.797168
949000 0.797147
950000 0.797118
951000 0.797083
952000 0.797082
953000 0.797066
954000 0.797064
955000 0.797054
956000 0.79705
957000 0.797055
958000 0.797055
959000 0.797062
960000 0.797065
961000 0.797069
962000 0.797068
963000 0.797076
964000 0.797076
965000 0.797065
966000 0.797049
967000 0.797022
968000 0.796999
969000 0.796971
970000 0.796944
971000 0.796947
972000 0.796925
973000 0.79692
974000 0.796909
975000 0.796891
976000 0.796856
977000 0.796816
978000 0.796802
979000 0.796805
980000 0.796793
981000 0.796803
982000 0.796803
983000 0.796798
984000 0.79678
985000 0.79677
986000 0.796767
987000 0.796765
988000 0.796765
989000 0.796771
990000 0.796782
991000 0.7968
992000 0.796817
993000 0.796835
994000 0.796836
995000 0.796849
996000 0.796852
997000 0.796855
998000 0.796855
999000 0.796865
1000000 0.796869
1001000 0.796878
1002000 0.79687
1003000 0.796865
1004000 0.796867
1005000 0.79687
1006000 0.796841
1007000 0.796818
1008000 0.796813
1009000 0.796801
1010000 0.796789
1011000 0.796781
1012000 0.796769
1013000 0.796758
1014000 0.796741
1015000 0.796717
1016000 0.796685
1017000 0.796666
1018000 0.796654
1019000 0.796643
1020000 0.796634
1021000 0.796621
1022000 0.796599
1023000 0.796567
1024000 0.796548
1025000 0.79653
1026000 0.79652
1027000 0.796507
1028000 0.796497
1029000 0.796489
1030000 0.796499
1031000 0.796522
1032000 0.796528
1033000 0.796546
1034000 0.796556
1035000 0.796573
1036000 0.796591
1037000 0.796612
1038000 0.796637
1039000 0.796653
1040000 0.796669
1041000 0.796694
1042000 0.796703
1043000 0.796708
1044000 0.79671
1045000 0.79671
1046000 0.796722
1047000 0.796724
1048000 0.796728
1049000 0.796731
1050000 0.796728
1051000 0.796733
1052000 0.796733
1053000 0.796727
1054000 0.79672
1055000 0.796711
1056000 0.7967
1057000 0.796691
1058000 0.796697
1059000 0.796696
1060000 0.79669
1061000 0.796689
1062000 0.796691
1063000 0.796688
1064000 0.796686
1065000 0.796691
1066000 0.796699
1067000 0.796696
1068000 0.796673
1069000 0.796667
1070000 0.796662
1071000 0.796667
1072000 0.796674
1073000 0.7967
1074000 0.796702
1075000 0.796696
1076000 0.796704
1077000 0.796696
1078000 0.796687
1079000 0.796692
1080000 0.796703
1081000 0.796712
1082000 0.796704
1083000 0.796698
1084000 0.796703
1085000 0.796682
1086000 0.796676
1087000 0.796695
1088000 0.796702
1089000 0.796718
1090000 0.79672
1091000 0.79671
1092000 0.796699
1093000 0.7967
1094000 0.796698
1095000 0.796695
1096000 0.796684
1097000 0.796685
1098000 0.796686
1099000 0.796684
1100000 0.796684
1101000 0.796675
1102000 0.796679
1103000 0.79669
1104000 0.796705
1105000 0.796718
1106000 0.796723
1107000 0.796732
1108000 0.796728
1109000 0.796718
1110000 0.796722
1111000 0.796739
1112000 0.796759
1113000 0.796769
1114000 0.796763
1115000 0.796757
1116000 0.796757
1117000 0.796762
1118000 0.796752
1119000 0.79673
1120000 0.796723
1121000 0.796712
1122000 0.796704
1123000 0.796683
1124000 0.796681
1125000 0.796676
1126000 0.796678
1127000 0.796675
1128000 0.796681
1129000 0.79671
1130000 0.796733
1131000 0.796744
1132000 0.79676
1133000 0.796768
1134000 0.796778
1135000 0.796791
1136000 0.796813
1137000 0.796836
1138000 0.796857
1139000 0.796882
1140000 0.796928
1141000 0.796957
1142000 0.796992
1143000 0.797017
1144000 0.797049
1145000 0.797074
1146000 0.797098
1147000 0.797114
1148000 0.797121
1149000 0.797154
1150000 0.797174
1151000 0.79719
1152000 0.797201
1153000 0.797205
1154000 0.797224
1155000 0.797219
1156000 0.797217
1157000 0.797222
1158000 0.797217
1159000 0.79721
1160000 0.797198
1161000 0.797205
1162000 0.7972
1163000 0.797203
1164000 0.797205
1165000 0.797199
1166000 0.797193
1167000 0.797197
1168000 0.797195
1169000 0.797188
1170000 0.797193
1171000 0.797198
1172000 0.797211
1173000 0.797205
1174000 0.797196
1175000 0.797191
1176000 0.797188
1177000 0.797186
1178000 0.797189
1179000 0.797191
1180000 0.797208
1181000 0.797218
1182000 0.797215
1183000 0.797235
1184000 0.797247
1185000 0.797265
1186000 0.797282
1187000 0.797285
1188000 0.797287
1189000 0.797296
1190000 0.797305
1191000 0.797326
1192000 0.797335
1193000 0.797353
1194000 0.797364
1195000 0.797377
1196000 0.797377
1197000 0.797377
1198000 0.797375
1199000 0.797376
1200000 0.797386
1201000 0.797385
1202000 0.797386
1203000 0.797384
1204000 0.797401
1205000 0.79742
1206000 0.797436
1207000 0.797448
1208000 0.797472
1209000 0.797483
1210000 0.797485
1211000 0.7975
1212000 0.797522
1213000 0.79753
1214000 0.797539
1215000 0.797548
1216000 0.797559
1217000 0.79758
1218000 0.797586
1219000 0.797587
1220000 0.797586
1221000 0.797569
1222000 0.797568
1223000 0.797578
1224000 0.797597
1225000 0.797602
1226000 0.797601
1227000 0.797602
1228000 0.797603
1229000 0.797607
1230000 0.797599
1231000 0.797601
1232000 0.797595
1233000 0.797582
1234000 0.797568
1235000 0.79755
1236000 0.797535
1237000 0.79753
1238000 0.797528
1239000 0.79752
1240000 0.797528
1241000 0.797533
1242000 0.797534
1243000 0.797533
1244000 0.797537
1245000 0.797544
1246000 0.797562
1247000 0.797576
1248000 0.797598
1249000 0.797615
1250000 0.797628
